生成启动时间为 2019/11/6 16:32:48。
     1>项目“E:\experience\c++\60--bit\模拟实现priority_queue\模拟实现priority_queue.vcxproj”在节点 2 上(Build 个目标)。
     1>ClCompile:
         C:\Program Files (x86)\Microsoft Visual Studio 12.0\VC\bin\CL.exe /c /ZI /nologo /W3 /WX- /sdl /Od /Oy- /D _UNICODE /D UNICODE /Gm /EHsc /RTC1 /MDd /GS /fp:precise /Zc:wchar_t /Zc:forScope /Fo"Debug\\" /Fd"Debug\vc120.pdb" /Gd /TP /analyze- /errorReport:prompt test.cpp
         test.cpp
     1>e:\experience\c++\60--bit\模拟实现priority_queue\test.cpp(62): warning C4018: “<”: 有符号/无符号不匹配
                 e:\experience\c++\60--bit\模拟实现priority_queue\test.cpp(60): 编译类 模板 成员函数“void bite::priority_queue<int,std::vector<T,std::allocator<_Ty>>,std::less<_Ty>>::AdjustDown(int)”时
                 with
                 [
                     T=int
         ,            _Ty=int
                 ]
                 e:\experience\c++\60--bit\模拟实现priority_queue\test.cpp(25): 参见对正在编译的函数 模板 实例化“void bite::priority_queue<int,std::vector<T,std::allocator<_Ty>>,std::less<_Ty>>::AdjustDown(int)”的引用
                 with
                 [
                     T=int
         ,            _Ty=int
                 ]
                 e:\experience\c++\60--bit\模拟实现priority_queue\test.cpp(135): 参见对正在编译的类 模板 实例化“bite::priority_queue<int,std::vector<T,std::allocator<_Ty>>,std::less<_Ty>>”的引用
                 with
                 [
                     T=int
         ,            _Ty=int
                 ]
     1>e:\experience\c++\60--bit\模拟实现priority_queue\test.cpp(65): warning C4018: “<”: 有符号/无符号不匹配
       Link:
         C:\Program Files (x86)\Microsoft Visual Studio 12.0\VC\bin\link.exe /ERRORREPORT:PROMPT /OUT:"E:\experience\c++\60--bit\Debug\模拟实现priority_queue.exe" /INCREMENTAL /NOLOGO kernel32.lib user32.lib gdi32.lib winspool.lib comdlg32.lib advapi32.lib shell32.lib ole32.lib oleaut32.lib uuid.lib odbc32.lib odbccp32.lib /MANIFEST /MANIFESTUAC:"level='asInvoker' uiAccess='false'" /manifest:embed /DEBUG /PDB:"E:\experience\c++\60--bit\Debug\模拟实现priority_queue.pdb" /TLBID:1 /DYNAMICBASE /NXCOMPAT /IMPLIB:"E:\experience\c++\60--bit\Debug\模拟实现priority_queue.lib" /MACHINE:X86 Debug\test.obj
         模拟实现priority_queue.vcxproj -> E:\experience\c++\60--bit\Debug\模拟实现priority_queue.exe
     1>已完成生成项目“E:\experience\c++\60--bit\模拟实现priority_queue\模拟实现priority_queue.vcxproj”(Build 个目标)的操作。

生成成功。

已用时间 00:00:00.84
