生成启动时间为 2020/2/28 12:36:44。
     1>项目“E:\experience\c++\一些算法问题\LeetCode---5 最长的回文字串\LeetCode---5 最长的回文字串.vcxproj”在节点 2 上(Rebuild 个目标)。
     1>ClCompile:
         C:\Program Files (x86)\Microsoft Visual Studio 12.0\VC\bin\CL.exe /c /ZI /nologo /W3 /WX- /sdl /Od /Oy- /D _UNICODE /D UNICODE /Gm /EHsc /RTC1 /MDd /GS /fp:precise /Zc:wchar_t /Zc:forScope /Fo"Debug\\" /Fd"Debug\vc120.pdb" /Gd /TP /analyze- /errorReport:prompt test.cpp
         test.cpp
     1>e:\experience\c++\一些算法问题\leetcode---5 最长的回文字串\test.cpp(3): error C2146: 语法错误: 缺少“;”(在标识符“longestPalindrome”的前面)
     1>e:\experience\c++\一些算法问题\leetcode---5 最长的回文字串\test.cpp(3): error C4430: 缺少类型说明符 - 假定为 int。注意:  C++ 不支持默认 int
     1>e:\experience\c++\一些算法问题\leetcode---5 最长的回文字串\test.cpp(3): error C2061: 语法错误: 标识符“string”
     1>e:\experience\c++\一些算法问题\leetcode---5 最长的回文字串\test.cpp(38): warning C4183: “longestPalindrome”:  缺少返回类型；假定为返回“int”的成员函数
     1>e:\experience\c++\一些算法问题\leetcode---5 最长的回文字串\test.cpp(4): error C2065: “s”: 未声明的标识符
     1>e:\experience\c++\一些算法问题\leetcode---5 最长的回文字串\test.cpp(4): error C2228: “.size”的左边必须有类/结构/联合
                 类型是“unknown-type”
     1>e:\experience\c++\一些算法问题\leetcode---5 最长的回文字串\test.cpp(6): error C2065: “vector”: 未声明的标识符
     1>e:\experience\c++\一些算法问题\leetcode---5 最长的回文字串\test.cpp(6): error C2062: 意外的类型“bool”
     1>e:\experience\c++\一些算法问题\leetcode---5 最长的回文字串\test.cpp(7): error C2065: “string”: 未声明的标识符
     1>e:\experience\c++\一些算法问题\leetcode---5 最长的回文字串\test.cpp(7): error C2146: 语法错误: 缺少“;”(在标识符“res”的前面)
     1>e:\experience\c++\一些算法问题\leetcode---5 最长的回文字串\test.cpp(7): error C2065: “res”: 未声明的标识符
     1>e:\experience\c++\一些算法问题\leetcode---5 最长的回文字串\test.cpp(10): error C2065: “s”: 未声明的标识符
     1>e:\experience\c++\一些算法问题\leetcode---5 最长的回文字串\test.cpp(12): error C2065: “s”: 未声明的标识符
     1>e:\experience\c++\一些算法问题\leetcode---5 最长的回文字串\test.cpp(14): error C2065: “res”: 未声明的标识符
     1>e:\experience\c++\一些算法问题\leetcode---5 最长的回文字串\test.cpp(14): error C2065: “s”: 未声明的标识符
     1>e:\experience\c++\一些算法问题\leetcode---5 最长的回文字串\test.cpp(22): error C2065: “s”: 未声明的标识符
     1>e:\experience\c++\一些算法问题\leetcode---5 最长的回文字串\test.cpp(24): error C2065: “array”: 未声明的标识符
     1>e:\experience\c++\一些算法问题\leetcode---5 最长的回文字串\test.cpp(28): error C2065: “array”: 未声明的标识符
     1>e:\experience\c++\一些算法问题\leetcode---5 最长的回文字串\test.cpp(31): error C2065: “res”: 未声明的标识符
     1>e:\experience\c++\一些算法问题\leetcode---5 最长的回文字串\test.cpp(31): error C2065: “s”: 未声明的标识符
     1>e:\experience\c++\一些算法问题\leetcode---5 最长的回文字串\test.cpp(31): error C2228: “.substr”的左边必须有类/结构/联合
                 类型是“unknown-type”
     1>e:\experience\c++\一些算法问题\leetcode---5 最长的回文字串\test.cpp(37): error C2065: “res”: 未声明的标识符
     1>已完成生成项目“E:\experience\c++\一些算法问题\LeetCode---5 最长的回文字串\LeetCode---5 最长的回文字串.vcxproj”(Rebuild 个目标)的操作 - 失败。

生成失败。

已用时间 00:00:09.40
